<?xml version="1.0" encoding="UTF-8"?>
<!-- Generated by org.testng.reporters.JUnitReportReporter -->
<testsuite skipped="0" hostname="DESKTOP-803K56V" name="testCases.TC001_VerifyLoginLink" tests="1" failures="0" timestamp="27 Feb 2023 18:28:17 GMT" time="7.966" errors="0">
  <testcase name="verifyLoginLinkTest" time="7.966" classname="testCases.TC001_VerifyLoginLink"/>
</testsuite> <!-- testCases.TC001_VerifyLoginLink -->
