<?xml version="1.0" encoding="UTF-8"?>
<!-- Generated by org.testng.reporters.JUnitReportReporter -->
<testsuite skipped="0" hostname="DESKTOP-803K56V" name="testCases.TC002_VerifySignupfreeLink" tests="1" failures="0" timestamp="27 Feb 2023 18:28:17 GMT" time="5.183" errors="0">
  <testcase name="verifySignupfreeLinkTest" time="5.183" classname="testCases.TC002_VerifySignupfreeLink"/>
</testsuite> <!-- testCases.TC002_VerifySignupfreeLink -->
